<?xml version="1.0" encoding="UTF-8"?>
<testng-results skipped="0" failed="0" total="1" passed="1">
  <reporter-output>
  </reporter-output>
  <suite name="Default suite" duration-ms="3387" started-at="2021-11-08T09:47:36Z" finished-at="2021-11-08T09:47:39Z">
    <groups>
    </groups>
    <test name="Default test" duration-ms="3387" started-at="2021-11-08T09:47:36Z" finished-at="2021-11-08T09:47:39Z">
      <class name="restassured.Delete_Request">
        <test-method status="PASS" signature="Del()[pri:0, instance:restassured.Delete_Request@5419f379]" name="Del" duration-ms="3367" started-at="2021-11-08T15:17:36Z" finished-at="2021-11-08T15:17:39Z">
          <reporter-output>
          </reporter-output>
        </test-method> <!-- Del -->
      </class> <!-- restassured.Delete_Request -->
    </test> <!-- Default test -->
  </suite> <!-- Default suite -->
</testng-results>
